mode: atomic
github.com\VivaLaPanda\antipath\entity\player\player.go:14.26,23.2 1 3
github.com\VivaLaPanda\antipath\entity\player\player.go:25.48,41.2 1 1
github.com\VivaLaPanda\antipath\entity\player\player.go:43.25,45.21 1 2
github.com\VivaLaPanda\antipath\entity\player\player.go:45.21,47.3 1 2
github.com\VivaLaPanda\antipath\entity\player\player.go:50.34,51.26 1 1
github.com\VivaLaPanda\antipath\entity\player\player.go:51.26,53.3 1 0
github.com\VivaLaPanda\antipath\entity\player\player.go:53.8,55.3 1 1
github.com\VivaLaPanda\antipath\entity\player\player.go:58.31,60.2 1 1
github.com\VivaLaPanda\antipath\entity\player\player.go:62.30,64.2 1 1
github.com\VivaLaPanda\antipath\state\tile\tile.go:19.49,31.2 1 0
github.com\VivaLaPanda\antipath\state\tile\tile.go:33.57,34.24 1 4
github.com\VivaLaPanda\antipath\state\tile\tile.go:37.2,39.12 2 3
github.com\VivaLaPanda\antipath\state\tile\tile.go:34.24,36.3 1 1
github.com\VivaLaPanda\antipath\state\tile\tile.go:42.45,47.2 4 2
github.com\VivaLaPanda\antipath\state\tile\tile.go:49.46,51.2 1 0
github.com\VivaLaPanda\antipath\state\tile\tile.go:53.32,54.24 1 6
github.com\VivaLaPanda\antipath\state\tile\tile.go:57.2,57.20 1 4
github.com\VivaLaPanda\antipath\state\tile\tile.go:54.24,56.3 1 2
github.com\VivaLaPanda\antipath\state\tile\tile.go:60.50,62.2 1 6
github.com\VivaLaPanda\antipath\state\state.go:41.39,42.14 1 7
github.com\VivaLaPanda\antipath\state\state.go:45.2,46.28 2 7
github.com\VivaLaPanda\antipath\state\state.go:49.2,55.3 1 7
github.com\VivaLaPanda\antipath\state\state.go:42.14,43.43 1 0
github.com\VivaLaPanda\antipath\state\state.go:46.28,48.3 1 700
github.com\VivaLaPanda\antipath\state\state.go:58.51,59.31 1 1
github.com\VivaLaPanda\antipath\state\state.go:64.2,72.4 1 1
github.com\VivaLaPanda\antipath\state\state.go:59.31,62.3 2 1
github.com\VivaLaPanda\antipath\state\state.go:75.28,77.2 1 0
github.com\VivaLaPanda\antipath\state\state.go:79.62,80.30 1 70
github.com\VivaLaPanda\antipath\state\state.go:83.2,83.35 1 68
github.com\VivaLaPanda\antipath\state\state.go:80.30,82.3 1 2
github.com\VivaLaPanda\antipath\state\state.go:86.89,88.16 2 6
github.com\VivaLaPanda\antipath\state\state.go:92.2,92.51 1 6
github.com\VivaLaPanda\antipath\state\state.go:96.2,102.16 5 5
github.com\VivaLaPanda\antipath\state\state.go:88.16,90.3 1 0
github.com\VivaLaPanda\antipath\state\state.go:92.51,94.3 1 1
github.com\VivaLaPanda\antipath\state\state.go:105.80,110.2 4 4
github.com\VivaLaPanda\antipath\state\state.go:112.69,129.31 12 1
github.com\VivaLaPanda\antipath\state\state.go:133.2,139.22 4 1
github.com\VivaLaPanda\antipath\state\state.go:129.31,131.3 1 5
github.com\VivaLaPanda\antipath\state\state.go:142.95,147.13 4 3
github.com\VivaLaPanda\antipath\state\state.go:151.2,152.16 2 3
github.com\VivaLaPanda\antipath\state\state.go:157.2,167.12 8 3
github.com\VivaLaPanda\antipath\state\state.go:147.13,149.3 1 0
github.com\VivaLaPanda\antipath\state\state.go:152.16,154.3 1 0
github.com\VivaLaPanda\antipath\state\state.go:170.93,175.13 4 3
github.com\VivaLaPanda\antipath\state\state.go:180.2,181.13 2 3
github.com\VivaLaPanda\antipath\state\state.go:192.2,192.51 1 3
github.com\VivaLaPanda\antipath\state\state.go:175.13,177.3 1 0
github.com\VivaLaPanda\antipath\state\state.go:182.13,183.23 1 2
github.com\VivaLaPanda\antipath\state\state.go:184.15,185.23 1 0
github.com\VivaLaPanda\antipath\state\state.go:186.15,187.23 1 0
github.com\VivaLaPanda\antipath\state\state.go:188.16,189.23 1 1
github.com\VivaLaPanda\antipath\state\state.go:195.21,196.11 1 0
github.com\VivaLaPanda\antipath\state\state.go:200.2,200.10 1 0
github.com\VivaLaPanda\antipath\state\state.go:196.11,198.3 1 0
github.com\VivaLaPanda\antipath\state\state.go:203.49,206.2 2 0
github.com\VivaLaPanda\antipath\state\state.go:208.111,215.68 3 3
github.com\VivaLaPanda\antipath\state\state.go:246.2,246.46 1 0
github.com\VivaLaPanda\antipath\state\state.go:215.68,218.10 1 57
github.com\VivaLaPanda\antipath\state\state.go:232.3,233.17 2 56
github.com\VivaLaPanda\antipath\state\state.go:238.3,238.38 1 55
github.com\VivaLaPanda\antipath\state\state.go:243.3,243.20 1 54
github.com\VivaLaPanda\antipath\state\state.go:219.33,220.19 1 5
github.com\VivaLaPanda\antipath\state\state.go:221.33,222.19 1 0
github.com\VivaLaPanda\antipath\state\state.go:223.33,224.19 1 0
github.com\VivaLaPanda\antipath\state\state.go:225.33,226.19 1 51
github.com\VivaLaPanda\antipath\state\state.go:227.11,228.20 1 1
github.com\VivaLaPanda\antipath\state\state.go:233.17,235.4 1 1
github.com\VivaLaPanda\antipath\state\state.go:238.38,240.4 1 1
github.com\VivaLaPanda\antipath\state\state.go:249.50,251.2 1 70
github.com\VivaLaPanda\antipath\state\state.go:253.40,254.13 1 4
github.com\VivaLaPanda\antipath\state\state.go:257.2,257.15 1 2
github.com\VivaLaPanda\antipath\state\state.go:261.2,261.12 1 2
github.com\VivaLaPanda\antipath\state\state.go:254.13,256.3 1 2
github.com\VivaLaPanda\antipath\state\state.go:257.15,259.3 1 0
github.com\VivaLaPanda\antipath\engine\engine.go:26.55,42.2 3 4
github.com\VivaLaPanda\antipath\engine\engine.go:44.56,53.17 4 23
github.com\VivaLaPanda\antipath\engine\engine.go:61.2,69.17 7 23
github.com\VivaLaPanda\antipath\engine\engine.go:53.17,59.3 2 2
github.com\VivaLaPanda\antipath\engine\engine.go:72.91,77.2 3 1
github.com\VivaLaPanda\antipath\engine\engine.go:79.60,86.2 5 1
github.com\VivaLaPanda\antipath\engine\engine.go:88.75,92.2 3 102
github.com\VivaLaPanda\antipath\engine\engine.go:94.34,95.6 1 4
github.com\VivaLaPanda\antipath\engine\engine.go:95.6,101.3 3 4
github.com\VivaLaPanda\antipath\engine\engine.go:104.68,106.2 1 0
github.com\VivaLaPanda\antipath\engine\engine.go:108.41,116.51 5 4
github.com\VivaLaPanda\antipath\engine\engine.go:116.51,123.18 5 8
github.com\VivaLaPanda\antipath\engine\engine.go:129.3,130.67 2 8
github.com\VivaLaPanda\antipath\engine\engine.go:137.3,137.17 1 8
github.com\VivaLaPanda\antipath\engine\engine.go:123.18,125.4 1 0
github.com\VivaLaPanda\antipath\engine\engine.go:130.67,132.4 1 7
github.com\VivaLaPanda\antipath\engine\engine.go:132.9,134.4 1 1
github.com\VivaLaPanda\antipath\engine\engine.go:137.17,138.14 1 0
github.com\VivaLaPanda\antipath\engine\engine.go:143.34,146.45 3 4
github.com\VivaLaPanda\antipath\engine\engine.go:146.45,147.10 1 0
github.com\VivaLaPanda\antipath\engine\engine.go:148.64,148.64 0 0
github.com\VivaLaPanda\antipath\engine\engine.go:149.11,149.11 0 0
